<?xml version="1.0" encoding="UTF-8"?>
<!-- Generated by org.testng.reporters.JUnitReportReporter -->
<testsuite skipped="0" hostname="Vinayaks-MacBook-Pro.local" name="TestCases.testNGExecution" tests="1" failures="0" timestamp="24 Feb 2019 17:51:01 GMT" time="0.022" errors="0">
  <testcase name="f" time="0.022" classname="TestCases.testNGExecution"/>
</testsuite> <!-- TestCases.testNGExecution -->
