<?xml version="1.0" encoding="UTF-8"?>
<!-- Generated by org.testng.reporters.JUnitReportReporter -->
<testsuite skipped="0" hostname="Vinayaks-MacBook-Pro.local" name="testNGExecution" tests="1" failures="0" timestamp="20 Feb 2019 19:06:24 GMT" time="0.013" errors="0">
  <testcase name="f" time="0.013" classname="testNGExecution"/>
</testsuite> <!-- testNGExecution -->
